<?xml version="1.0" encoding="UTF-8"?>
<!-- Generated by org.testng.reporters.JUnitReportReporter -->
<testsuite hostname="DESKTOP-SLLC8EA" failures="0" tests="4" name="testCases.TC_02_validateAdminLoginPage" time="1.297" errors="0" timestamp="2022-11-20T16:56:19 IST" skipped="2">
  <testcase classname="testCases.TC_02_validateAdminLoginPage" name="openAdminLoginPage" time="1.284"/>
  <testcase classname="testCases.TC_02_validateAdminLoginPage" name="validateValidLoginCreds" time="0.000">
    <skipped/>
  </testcase> <!-- validateValidLoginCreds -->
  <testcase classname="testCases.TC_02_validateAdminLoginPage" name="validateInvalidLoginCreds" time="0.000">
    <skipped/>
  </testcase> <!-- validateInvalidLoginCreds -->
  <testcase classname="testCases.TC_02_validateAdminLoginPage" name="validatePageTitle" time="0.013"/>
</testsuite> <!-- testCases.TC_02_validateAdminLoginPage -->
