<?xml version="1.0" encoding="UTF-8"?>
<!-- Generated by org.testng.reporters.JUnitReportReporter -->
<testsuite hostname="DESKTOP-SLLC8EA" failures="0" tests="1" name="testCases.TC_01_validateHomePage" time="0.038" errors="0" timestamp="2022-11-20T16:56:19 IST" skipped="0">
  <testcase classname="testCases.TC_01_validateHomePage" name="verifyTitle" time="0.038"/>
</testsuite> <!-- testCases.TC_01_validateHomePage -->
