<?xml version="1.0" encoding="UTF-8"?>
<!-- Generated by org.testng.reporters.JUnitReportReporter -->
<testsuite hostname="DESKTOP-SLLC8EA" failures="0" tests="9" name="testCases.TC_01_validateHomePage" time="4.042" errors="0" timestamp="2022-11-16T15:37:50 IST" skipped="0">
  <testcase classname="testCases.TC_01_validateHomePage" name="verifyTitle" time="0.008"/>
  <testcase classname="testCases.TC_01_validateHomePage" name="verifyBrokenLinks" time="3.539"/>
  <testcase classname="testCases.TC_01_validateHomePage" name="verifyHomePageTitle" time="0.032"/>
  <testcase classname="testCases.TC_01_validateHomePage" name="verifyMenu" time="0.058"/>
  <testcase classname="testCases.TC_01_validateHomePage" name="verifyImageOnHomePage" time="0.041"/>
  <testcase classname="testCases.TC_01_validateHomePage" name="verifyPatientSection" time="0.114"/>
  <testcase classname="testCases.TC_01_validateHomePage" name="verifyDoctorSection" time="0.095"/>
  <testcase classname="testCases.TC_01_validateHomePage" name="verifyAdminSection" time="0.095"/>
  <testcase classname="testCases.TC_01_validateHomePage" name="verifyFooterSection" time="0.060"/>
</testsuite> <!-- testCases.TC_01_validateHomePage -->
